2024-09-02 21:56:01,703 - INFO - Detected encoding: UTF-8-SIG
2024-09-02 21:56:02,242 - INFO - Detected encoding: UTF-8-SIG
2024-09-02 21:56:02,765 - INFO - Detected encoding: utf-8
2024-09-02 21:56:03,752 - INFO - Detected encoding: utf-8
2024-09-02 21:56:04,898 - INFO - Detected encoding: utf-8
2024-09-02 21:56:05,930 - INFO - Detected encoding: utf-8
2024-09-02 21:56:06,397 - INFO - Detected encoding: UTF-8-SIG
2024-09-02 21:56:06,856 - INFO - Detected encoding: UTF-8-SIG
2024-09-02 21:56:07,313 - INFO - Detected encoding: UTF-8-SIG
2024-09-02 21:56:07,775 - INFO - Detected encoding: UTF-8-SIG
2024-09-02 21:56:08,232 - INFO - Detected encoding: UTF-8-SIG
2024-09-02 21:56:08,702 - INFO - Detected encoding: UTF-8-SIG
2024-09-02 21:56:09,181 - INFO - Detected encoding: utf-8
2024-09-02 21:56:09,869 - INFO - Detected encoding: utf-8
2024-09-02 21:56:10,614 - INFO - Detected encoding: utf-8
2024-09-02 21:56:11,537 - INFO - Detected encoding: Windows-1254
2024-09-02 21:56:12,253 - INFO - Detected encoding: utf-8
2024-09-02 21:56:13,000 - INFO - Detected encoding: utf-8
2024-09-02 21:56:13,702 - INFO - Detected encoding: utf-8
2024-09-02 21:56:14,380 - INFO - Detected encoding: utf-8
2024-09-02 21:56:15,072 - INFO - Detected encoding: utf-8
2024-09-02 21:56:15,790 - INFO - Detected encoding: utf-8
2024-09-02 21:56:16,532 - INFO - Detected encoding: utf-8
2024-09-02 21:56:17,229 - INFO - Detected encoding: utf-8
2024-09-02 21:56:17,930 - INFO - Detected encoding: utf-8
2024-09-02 21:56:18,617 - INFO - Detected encoding: utf-8
2024-09-02 21:56:19,329 - INFO - Detected encoding: utf-8
2024-09-02 21:56:20,039 - INFO - Detected encoding: utf-8
2024-09-02 21:56:20,814 - INFO - Detected encoding: utf-8
2024-09-02 21:56:21,528 - INFO - Detected encoding: utf-8
2024-09-02 21:56:22,269 - INFO - Detected encoding: utf-8
2024-09-02 21:56:23,027 - INFO - Detected encoding: utf-8
2024-09-02 21:56:23,748 - INFO - Detected encoding: utf-8
2024-09-02 21:56:24,443 - INFO - Detected encoding: utf-8
2024-09-02 21:56:25,190 - INFO - Detected encoding: utf-8
2024-09-02 21:56:25,893 - INFO - Detected encoding: utf-8
2024-09-02 21:56:26,886 - INFO - Detected encoding: utf-8
2024-09-02 21:56:27,745 - INFO - Detected encoding: utf-8
2024-09-02 21:56:28,539 - INFO - Detected encoding: utf-8
2024-09-02 21:56:29,204 - INFO - Detected encoding: utf-8
2024-09-02 21:56:30,026 - INFO - Detected encoding: utf-8
2024-09-02 21:56:30,942 - INFO - Detected encoding: utf-8
2024-09-02 21:56:31,990 - INFO - Detected encoding: utf-8
2024-09-02 21:56:32,602 - INFO - Detected encoding: UTF-8-SIG
2024-09-02 21:56:33,062 - ERROR - HTTP error occurred while crawling https://confituredebali.com/a: 404 Client Error: Not Found for url: https://confituredebali.com/a
2024-09-02 21:56:33,674 - INFO - Detected encoding: UTF-8-SIG
2024-09-02 21:56:34,289 - ERROR - An error occurred while crawling https://confituredebali.com/js/jssor.slider.js: ('Connection broken: IncompleteRead(5476 bytes read, 23051 more expected)', IncompleteRead(5476 bytes read, 23051 more expected))
2024-09-02 21:56:39,908 - INFO - Detected encoding: utf-8
2024-09-02 21:57:09,954 - INFO - Detected encoding: utf-8
2024-09-02 21:57:11,752 - INFO - Detected encoding: utf-8
2024-09-02 21:57:13,788 - INFO - Detected encoding: utf-8
2024-09-02 21:57:19,845 - INFO - Detected encoding: utf-8
2024-09-02 21:57:21,456 - INFO - Detected encoding: utf-8
2024-09-02 21:57:23,057 - INFO - Detected encoding: utf-8
2024-09-02 21:57:27,544 - INFO - Detected encoding: utf-8
2024-09-02 21:57:29,114 - INFO - Detected encoding: utf-8
2024-09-02 21:57:31,264 - INFO - Detected encoding: utf-8
2024-09-02 21:57:33,323 - INFO - Detected encoding: utf-8
2024-09-02 21:57:36,170 - INFO - Detected encoding: utf-8
2024-09-02 21:57:37,681 - INFO - Detected encoding: utf-8
2024-09-02 21:57:39,293 - INFO - Detected encoding: utf-8
2024-09-02 21:57:40,816 - INFO - Detected encoding: utf-8
2024-09-02 21:57:42,338 - INFO - Detected encoding: utf-8
2024-09-02 21:57:44,071 - INFO - Detected encoding: utf-8
2024-09-02 21:57:45,613 - INFO - Detected encoding: utf-8
2024-09-02 21:57:47,107 - INFO - Detected encoding: utf-8
2024-09-02 21:57:51,464 - INFO - Detected encoding: utf-8
2024-09-02 21:57:55,799 - INFO - Detected encoding: utf-8
2024-09-02 21:57:57,494 - INFO - Detected encoding: utf-8
2024-09-02 21:58:00,318 - INFO - Detected encoding: utf-8
2024-09-02 21:58:03,155 - INFO - Detected encoding: utf-8
2024-09-02 21:58:06,010 - INFO - Detected encoding: utf-8
2024-09-02 21:58:08,007 - INFO - Detected encoding: utf-8
2024-09-02 21:58:11,319 - INFO - Detected encoding: utf-8
2024-09-02 21:58:13,511 - INFO - Detected encoding: utf-8
2024-09-02 21:58:15,256 - INFO - Detected encoding: utf-8
2024-09-02 21:58:17,813 - INFO - Detected encoding: utf-8
2024-09-02 21:58:20,068 - INFO - Detected encoding: utf-8
2024-09-02 21:58:21,919 - INFO - Detected encoding: utf-8
2024-09-02 21:58:25,755 - INFO - Detected encoding: utf-8
2024-09-02 21:58:27,620 - INFO - Detected encoding: utf-8
2024-09-02 21:58:30,124 - INFO - Detected encoding: utf-8
2024-09-02 21:58:32,087 - INFO - Detected encoding: utf-8
2024-09-02 21:58:34,350 - INFO - Detected encoding: utf-8
2024-09-02 21:58:36,549 - INFO - Detected encoding: utf-8
2024-09-02 21:58:39,063 - INFO - Detected encoding: utf-8
2024-09-02 21:58:41,672 - INFO - Detected encoding: utf-8
2024-09-02 21:58:44,084 - INFO - Detected encoding: utf-8
2024-09-02 21:58:45,919 - INFO - Detected encoding: utf-8
2024-09-02 21:58:47,861 - INFO - Detected encoding: utf-8
2024-09-02 21:58:49,890 - INFO - Detected encoding: utf-8
2024-09-02 21:58:53,207 - INFO - Detected encoding: utf-8
2024-09-02 21:58:53,742 - INFO - Detected encoding: utf-8
2024-09-02 21:58:54,217 - INFO - Detected encoding: utf-8
2024-09-02 21:58:54,684 - INFO - Detected encoding: utf-8
2024-09-02 21:58:55,164 - INFO - Detected encoding: utf-8
2024-09-02 21:58:55,645 - INFO - Detected encoding: utf-8
2024-09-02 21:58:56,115 - INFO - Detected encoding: utf-8
2024-09-02 21:58:56,585 - INFO - Detected encoding: utf-8
2024-09-02 21:58:57,058 - INFO - Detected encoding: utf-8
2024-09-02 21:58:57,532 - INFO - Detected encoding: utf-8
2024-09-02 21:58:58,013 - INFO - Detected encoding: utf-8
2024-09-02 21:58:58,487 - INFO - Detected encoding: utf-8
2024-09-02 21:58:58,959 - INFO - Detected encoding: utf-8
2024-09-02 21:58:59,432 - INFO - Detected encoding: utf-8
2024-09-02 21:58:59,915 - INFO - Detected encoding: utf-8
2024-09-02 21:59:00,384 - INFO - Detected encoding: utf-8
2024-09-02 21:59:00,855 - INFO - Detected encoding: utf-8
2024-09-02 21:59:01,331 - INFO - Detected encoding: utf-8
2024-09-02 21:59:01,815 - INFO - Detected encoding: utf-8
2024-09-02 21:59:02,283 - INFO - Detected encoding: utf-8
2024-09-02 21:59:02,757 - INFO - Detected encoding: utf-8
2024-09-02 21:59:03,228 - INFO - Detected encoding: utf-8
2024-09-02 21:59:03,714 - INFO - Detected encoding: utf-8
2024-09-02 21:59:04,179 - INFO - Detected encoding: utf-8
2024-09-02 21:59:04,661 - INFO - Detected encoding: utf-8
2024-09-02 21:59:05,133 - INFO - Detected encoding: utf-8
2024-09-02 21:59:05,628 - INFO - Detected encoding: utf-8
2024-09-02 21:59:06,097 - INFO - Detected encoding: utf-8
2024-09-02 21:59:06,572 - INFO - Detected encoding: utf-8
2024-09-02 21:59:07,054 - INFO - Detected encoding: utf-8
2024-09-02 21:59:07,528 - INFO - Detected encoding: utf-8
2024-09-02 21:59:08,018 - INFO - Detected encoding: utf-8
2024-09-02 21:59:08,491 - INFO - Detected encoding: utf-8
2024-09-02 21:59:08,960 - INFO - Detected encoding: utf-8
2024-09-02 21:59:09,431 - INFO - Detected encoding: utf-8
2024-09-02 21:59:09,927 - INFO - Detected encoding: utf-8
2024-09-02 21:59:10,398 - INFO - Detected encoding: utf-8
2024-09-02 21:59:10,870 - INFO - Detected encoding: utf-8
2024-09-02 21:59:11,340 - INFO - Detected encoding: utf-8
2024-09-02 21:59:11,836 - INFO - Detected encoding: utf-8
2024-09-02 21:59:12,321 - INFO - Detected encoding: utf-8
2024-09-02 21:59:12,871 - INFO - Detected encoding: utf-8
2024-09-02 21:59:13,343 - INFO - Detected encoding: utf-8
2024-09-02 21:59:13,811 - INFO - Detected encoding: utf-8
2024-09-02 21:59:14,282 - INFO - Detected encoding: utf-8
2024-09-02 21:59:14,752 - INFO - Detected encoding: utf-8
2024-09-02 21:59:15,222 - INFO - Detected encoding: utf-8
2024-09-02 21:59:15,691 - INFO - Detected encoding: utf-8
2024-09-02 21:59:16,162 - INFO - Detected encoding: utf-8
2024-09-02 21:59:16,680 - INFO - Detected encoding: utf-8
2024-09-02 21:59:17,162 - INFO - Detected encoding: utf-8
2024-09-02 21:59:17,646 - INFO - Detected encoding: utf-8
2024-09-02 21:59:18,116 - INFO - Detected encoding: utf-8
2024-09-02 21:59:18,590 - INFO - Detected encoding: utf-8
2024-09-02 21:59:19,052 - INFO - Detected encoding: utf-8
2024-09-02 21:59:19,523 - INFO - Detected encoding: utf-8
2024-09-02 21:59:19,987 - INFO - Detected encoding: utf-8
2024-09-02 21:59:20,684 - INFO - Detected encoding: utf-8
2024-09-02 21:59:21,369 - INFO - Detected encoding: utf-8
2024-09-02 21:59:22,082 - INFO - Detected encoding: utf-8
2024-09-02 21:59:22,800 - INFO - Detected encoding: utf-8
2024-09-02 21:59:23,532 - INFO - Detected encoding: utf-8
2024-09-02 21:59:24,256 - INFO - Detected encoding: utf-8
2024-09-02 21:59:25,027 - INFO - Detected encoding: utf-8
2024-09-02 21:59:25,722 - INFO - Detected encoding: utf-8
2024-09-02 21:59:26,493 - INFO - Detected encoding: utf-8
2024-09-02 21:59:27,361 - INFO - Detected encoding: utf-8
2024-09-02 21:59:28,095 - INFO - Detected encoding: utf-8
2024-09-02 21:59:28,821 - INFO - Detected encoding: utf-8
2024-09-02 21:59:29,574 - INFO - Detected encoding: utf-8
2024-09-02 21:59:30,299 - INFO - Detected encoding: utf-8
2024-09-02 21:59:31,034 - INFO - Detected encoding: utf-8
2024-09-02 21:59:31,737 - INFO - Detected encoding: utf-8
2024-09-02 21:59:32,497 - INFO - Detected encoding: utf-8
2024-09-02 21:59:33,217 - INFO - Detected encoding: utf-8
2024-09-02 21:59:33,904 - INFO - Detected encoding: utf-8
2024-09-02 21:59:34,623 - INFO - Detected encoding: utf-8
2024-09-02 21:59:35,333 - INFO - Detected encoding: utf-8
2024-09-02 21:59:36,021 - INFO - Detected encoding: utf-8
2024-09-02 21:59:36,770 - INFO - Detected encoding: utf-8
2024-09-02 21:59:37,490 - INFO - Detected encoding: utf-8
2024-09-02 21:59:38,200 - INFO - Detected encoding: utf-8
2024-09-02 21:59:38,896 - INFO - Detected encoding: utf-8
2024-09-02 21:59:39,591 - INFO - Detected encoding: utf-8
2024-09-02 21:59:40,321 - INFO - Detected encoding: utf-8
2024-09-02 21:59:41,041 - INFO - Detected encoding: utf-8
2024-09-02 21:59:41,730 - INFO - Detected encoding: utf-8
2024-09-02 21:59:42,445 - INFO - Detected encoding: utf-8
2024-09-02 21:59:43,144 - INFO - Detected encoding: utf-8
2024-09-02 21:59:43,840 - INFO - Detected encoding: utf-8
2024-09-02 21:59:44,556 - INFO - Detected encoding: utf-8
2024-09-02 21:59:45,325 - INFO - Detected encoding: utf-8
2024-09-02 21:59:46,063 - INFO - Detected encoding: utf-8
2024-09-02 21:59:46,783 - INFO - Detected encoding: utf-8
2024-09-02 21:59:47,487 - INFO - Detected encoding: utf-8
2024-09-02 21:59:48,208 - INFO - Detected encoding: utf-8
2024-09-02 21:59:48,899 - INFO - Detected encoding: utf-8
2024-09-02 21:59:49,601 - INFO - Detected encoding: utf-8
2024-09-02 21:59:50,289 - INFO - Detected encoding: utf-8
2024-09-02 21:59:51,019 - INFO - Detected encoding: utf-8
2024-09-02 21:59:51,701 - INFO - Detected encoding: utf-8
2024-09-02 21:59:52,417 - INFO - Detected encoding: utf-8
2024-09-02 21:59:53,126 - INFO - Detected encoding: utf-8
2024-09-02 21:59:53,861 - INFO - Detected encoding: utf-8
2024-09-02 21:59:54,560 - INFO - Detected encoding: utf-8
2024-09-02 21:59:55,267 - INFO - Detected encoding: utf-8
2024-09-02 21:59:56,014 - INFO - Detected encoding: utf-8
2024-09-02 21:59:56,699 - INFO - Detected encoding: utf-8
2024-09-02 21:59:57,392 - INFO - Detected encoding: utf-8
2024-09-02 21:59:58,068 - INFO - Detected encoding: utf-8
2024-09-02 21:59:58,768 - INFO - Detected encoding: utf-8
2024-09-02 21:59:59,463 - INFO - Detected encoding: utf-8
2024-09-02 22:00:00,177 - INFO - Detected encoding: utf-8
2024-09-02 22:00:02,031 - INFO - Detected encoding: utf-8
2024-09-02 22:00:04,215 - INFO - Detected encoding: utf-8
2024-09-02 22:00:06,080 - INFO - Detected encoding: utf-8
2024-09-02 22:00:07,945 - INFO - Detected encoding: utf-8
2024-09-02 22:00:10,050 - INFO - Detected encoding: utf-8
2024-09-02 22:00:12,044 - INFO - Detected encoding: utf-8
2024-09-02 22:00:13,781 - INFO - Detected encoding: utf-8
2024-09-02 22:00:15,688 - INFO - Detected encoding: utf-8
2024-09-02 22:00:17,598 - INFO - Detected encoding: utf-8
2024-09-02 22:00:19,372 - INFO - Detected encoding: utf-8
2024-09-02 22:00:21,163 - INFO - Detected encoding: utf-8
2024-09-02 22:00:23,070 - INFO - Detected encoding: utf-8
2024-09-02 22:00:24,798 - INFO - Detected encoding: utf-8
2024-09-02 22:00:26,635 - INFO - Detected encoding: utf-8
2024-09-02 22:00:28,431 - INFO - Detected encoding: utf-8
2024-09-02 22:00:30,260 - INFO - Detected encoding: utf-8
2024-09-02 22:00:32,118 - INFO - Detected encoding: utf-8
2024-09-02 22:00:33,840 - INFO - Detected encoding: utf-8
2024-09-02 22:00:35,786 - INFO - Detected encoding: utf-8
2024-09-02 22:00:37,648 - INFO - Detected encoding: utf-8
2024-09-02 22:00:39,368 - INFO - Detected encoding: utf-8
2024-09-02 22:00:41,664 - INFO - Detected encoding: utf-8
2024-09-02 22:00:43,594 - INFO - Detected encoding: utf-8
2024-09-02 22:00:45,746 - INFO - Detected encoding: utf-8
2024-09-02 22:00:47,783 - INFO - Detected encoding: utf-8
2024-09-02 22:00:49,635 - INFO - Detected encoding: utf-8
2024-09-02 22:00:51,589 - INFO - Detected encoding: utf-8
2024-09-02 22:00:53,549 - INFO - Detected encoding: utf-8
2024-09-02 22:00:55,429 - INFO - Detected encoding: utf-8
2024-09-02 22:00:57,359 - INFO - Detected encoding: utf-8
2024-09-02 22:00:59,301 - INFO - Detected encoding: utf-8
2024-09-02 22:01:01,145 - INFO - Detected encoding: utf-8
2024-09-02 22:01:02,873 - INFO - Detected encoding: utf-8
2024-09-02 22:01:04,993 - INFO - Detected encoding: utf-8
2024-09-02 22:01:06,892 - INFO - Detected encoding: utf-8
2024-09-02 22:01:08,753 - INFO - Detected encoding: utf-8
2024-09-02 22:01:10,929 - INFO - Detected encoding: utf-8
2024-09-02 22:01:12,971 - INFO - Detected encoding: utf-8
2024-09-02 22:01:14,986 - INFO - Detected encoding: utf-8
2024-09-02 22:01:16,978 - INFO - Detected encoding: utf-8
2024-09-02 22:01:18,880 - INFO - Detected encoding: utf-8
2024-09-02 22:01:20,822 - INFO - Detected encoding: utf-8
2024-09-02 22:01:22,777 - INFO - Detected encoding: utf-8
2024-09-02 22:01:24,913 - INFO - Detected encoding: utf-8
2024-09-02 22:01:26,808 - INFO - Detected encoding: utf-8
2024-09-02 22:01:28,821 - INFO - Detected encoding: utf-8
2024-09-02 22:01:30,866 - INFO - Detected encoding: utf-8
2024-09-02 22:01:32,851 - INFO - Detected encoding: utf-8
2024-09-02 22:01:34,769 - INFO - Detected encoding: utf-8
2024-09-02 22:01:36,620 - INFO - Detected encoding: utf-8
2024-09-02 22:01:38,584 - INFO - Detected encoding: utf-8
2024-09-02 22:01:40,499 - INFO - Detected encoding: utf-8
2024-09-02 22:01:42,642 - INFO - Detected encoding: utf-8
2024-09-02 22:01:44,358 - INFO - Detected encoding: utf-8
2024-09-02 22:01:46,033 - INFO - Detected encoding: utf-8
2024-09-02 22:01:47,772 - INFO - Detected encoding: utf-8
2024-09-02 22:01:49,987 - INFO - Detected encoding: utf-8
2024-09-02 22:01:52,179 - INFO - Detected encoding: utf-8
2024-09-02 22:01:54,162 - INFO - Detected encoding: utf-8
2024-09-02 22:01:56,300 - INFO - Detected encoding: utf-8
2024-09-02 22:01:58,643 - INFO - Detected encoding: utf-8
2024-09-02 22:02:00,995 - INFO - Detected encoding: utf-8
2024-09-02 22:02:03,123 - INFO - Detected encoding: utf-8
2024-09-02 22:02:05,638 - INFO - Detected encoding: utf-8
2024-09-02 22:02:07,672 - INFO - Detected encoding: utf-8
2024-09-02 22:02:09,950 - INFO - Detected encoding: utf-8
2024-09-02 22:02:12,076 - INFO - Detected encoding: utf-8
2024-09-02 22:02:14,297 - INFO - Detected encoding: utf-8
2024-09-02 22:02:16,480 - INFO - Detected encoding: utf-8
2024-09-02 22:02:18,610 - INFO - Detected encoding: utf-8
2024-09-02 22:02:20,870 - INFO - Detected encoding: utf-8
2024-09-02 22:02:22,991 - INFO - Detected encoding: utf-8
2024-09-02 22:02:25,122 - INFO - Detected encoding: utf-8
2024-09-02 22:02:27,400 - INFO - Detected encoding: utf-8
2024-09-02 22:02:29,688 - INFO - Detected encoding: utf-8
2024-09-02 22:02:31,960 - INFO - Detected encoding: utf-8
2024-09-02 22:02:34,166 - INFO - Detected encoding: utf-8
2024-09-02 22:02:36,465 - INFO - Detected encoding: utf-8
2024-09-02 22:02:38,541 - INFO - Detected encoding: utf-8
2024-09-02 22:02:40,891 - INFO - Detected encoding: utf-8
2024-09-02 22:02:43,179 - INFO - Detected encoding: utf-8
2024-09-02 22:02:45,368 - INFO - Detected encoding: utf-8
2024-09-02 22:02:47,529 - INFO - Detected encoding: utf-8
2024-09-02 22:02:49,736 - INFO - Detected encoding: utf-8
2024-09-02 22:02:51,935 - INFO - Detected encoding: utf-8
2024-09-02 22:02:54,275 - INFO - Detected encoding: utf-8
2024-09-02 22:02:56,418 - INFO - Detected encoding: utf-8
2024-09-02 22:02:58,868 - INFO - Detected encoding: utf-8
2024-09-02 22:03:01,003 - INFO - Detected encoding: utf-8
2024-09-02 22:03:03,283 - INFO - Detected encoding: utf-8
2024-09-02 22:03:05,653 - INFO - Detected encoding: utf-8
2024-09-02 22:03:09,292 - INFO - Detected encoding: utf-8
2024-09-02 22:03:11,499 - INFO - Detected encoding: utf-8
2024-09-02 22:03:13,728 - INFO - Detected encoding: utf-8
2024-09-02 22:03:15,762 - INFO - Detected encoding: utf-8
2024-09-02 22:03:17,785 - INFO - Detected encoding: utf-8
2024-09-02 22:03:20,303 - INFO - Detected encoding: utf-8
2024-09-02 22:03:23,087 - INFO - Detected encoding: utf-8
2024-09-02 22:03:25,606 - INFO - Detected encoding: utf-8
2024-09-02 22:03:27,840 - INFO - Detected encoding: utf-8
2024-09-02 22:03:30,323 - INFO - Detected encoding: utf-8
2024-09-02 22:03:32,639 - INFO - Detected encoding: utf-8
2024-09-02 22:03:34,954 - INFO - Detected encoding: utf-8
2024-09-02 22:03:37,222 - INFO - Detected encoding: utf-8
2024-09-02 22:03:39,339 - INFO - Detected encoding: utf-8
2024-09-02 22:03:41,568 - INFO - Detected encoding: utf-8
2024-09-02 22:03:43,808 - INFO - Detected encoding: utf-8
2024-09-02 22:03:45,949 - INFO - Detected encoding: utf-8
2024-09-02 22:03:48,302 - INFO - Detected encoding: utf-8
2024-09-02 22:03:50,526 - INFO - Detected encoding: utf-8
2024-09-02 22:03:52,787 - INFO - Detected encoding: utf-8
2024-09-02 22:03:55,098 - INFO - Detected encoding: utf-8
2024-09-02 22:03:56,743 - INFO - Detected encoding: utf-8
2024-09-02 22:03:58,463 - INFO - Detected encoding: utf-8
2024-09-02 22:04:00,347 - INFO - Detected encoding: utf-8
2024-09-02 22:04:02,152 - INFO - Detected encoding: utf-8
2024-09-02 22:04:03,974 - INFO - Detected encoding: utf-8
2024-09-02 22:04:06,034 - INFO - Detected encoding: utf-8
2024-09-02 22:04:07,844 - INFO - Detected encoding: utf-8
2024-09-02 22:04:09,746 - INFO - Detected encoding: utf-8
2024-09-02 22:04:11,538 - INFO - Detected encoding: utf-8
2024-09-02 22:04:13,270 - INFO - Detected encoding: utf-8
2024-09-02 22:04:15,167 - INFO - Detected encoding: utf-8
2024-09-02 22:04:17,149 - INFO - Detected encoding: utf-8
2024-09-02 22:04:19,006 - INFO - Detected encoding: utf-8
2024-09-02 22:04:20,779 - INFO - Detected encoding: utf-8
2024-09-02 22:04:22,539 - INFO - Detected encoding: utf-8
2024-09-02 22:04:24,225 - INFO - Detected encoding: utf-8
2024-09-02 22:04:25,854 - INFO - Detected encoding: utf-8
2024-09-02 22:04:27,443 - INFO - Detected encoding: utf-8
2024-09-02 22:04:29,136 - INFO - Detected encoding: utf-8
2024-09-02 22:04:30,841 - INFO - Detected encoding: utf-8
2024-09-02 22:04:32,663 - INFO - Detected encoding: utf-8
2024-09-02 22:04:34,506 - INFO - Detected encoding: utf-8
2024-09-02 22:04:36,201 - INFO - Detected encoding: utf-8
2024-09-02 22:04:37,994 - INFO - Detected encoding: utf-8
2024-09-02 22:04:39,695 - INFO - Detected encoding: utf-8
2024-09-02 22:04:41,324 - INFO - Detected encoding: utf-8
2024-09-02 22:04:42,943 - INFO - Detected encoding: utf-8
2024-09-02 22:04:44,615 - INFO - Detected encoding: utf-8
2024-09-02 22:04:46,350 - INFO - Detected encoding: utf-8
2024-09-02 22:04:48,610 - INFO - Detected encoding: utf-8
2024-09-02 22:04:50,478 - INFO - Detected encoding: utf-8
2024-09-02 22:04:52,145 - INFO - Detected encoding: utf-8
2024-09-02 22:04:53,745 - INFO - Detected encoding: utf-8
2024-09-02 22:04:55,445 - INFO - Detected encoding: utf-8
2024-09-02 22:04:57,094 - INFO - Detected encoding: utf-8
2024-09-02 22:04:58,728 - INFO - Detected encoding: utf-8
2024-09-02 22:05:00,436 - INFO - Detected encoding: utf-8
2024-09-02 22:05:02,161 - INFO - Detected encoding: utf-8
2024-09-02 22:05:03,978 - INFO - Detected encoding: utf-8
2024-09-02 22:05:06,031 - INFO - Detected encoding: utf-8
2024-09-02 22:05:07,634 - INFO - Detected encoding: utf-8
2024-09-02 22:05:09,597 - INFO - Detected encoding: utf-8
2024-09-02 22:05:11,421 - INFO - Detected encoding: utf-8
2024-09-02 22:05:13,233 - INFO - Detected encoding: utf-8
2024-09-02 22:05:14,860 - INFO - Detected encoding: utf-8
2024-09-02 22:05:17,264 - INFO - Detected encoding: utf-8
2024-09-02 22:05:19,038 - INFO - Detected encoding: utf-8
2024-09-02 22:05:20,843 - INFO - Detected encoding: utf-8
2024-09-02 22:05:22,534 - INFO - Detected encoding: utf-8
2024-09-02 22:05:24,243 - INFO - Detected encoding: utf-8
2024-09-02 22:05:25,907 - INFO - Detected encoding: utf-8
2024-09-02 22:05:27,759 - INFO - Detected encoding: utf-8
2024-09-02 22:05:29,454 - INFO - Detected encoding: utf-8
2024-09-02 22:05:31,183 - INFO - Detected encoding: utf-8
2024-09-02 22:05:32,797 - INFO - Detected encoding: utf-8
2024-09-02 22:05:34,633 - INFO - Detected encoding: utf-8
2024-09-02 22:05:37,795 - INFO - Detected encoding: utf-8
2024-09-02 22:05:41,543 - INFO - Detected encoding: utf-8
2024-09-02 22:05:44,770 - INFO - Detected encoding: utf-8
2024-09-02 22:05:48,241 - INFO - Detected encoding: utf-8
2024-09-02 22:05:51,839 - INFO - Detected encoding: utf-8
2024-09-02 22:05:55,164 - INFO - Detected encoding: utf-8
2024-09-02 22:05:58,574 - INFO - Detected encoding: utf-8
2024-09-02 22:06:01,973 - INFO - Detected encoding: utf-8
2024-09-02 22:06:06,332 - INFO - Detected encoding: utf-8
2024-09-02 22:06:10,833 - INFO - Detected encoding: utf-8
2024-09-02 22:06:14,092 - INFO - Detected encoding: utf-8
2024-09-02 22:06:17,218 - INFO - Detected encoding: utf-8
2024-09-02 22:06:20,836 - INFO - Detected encoding: utf-8
2024-09-02 22:06:24,203 - INFO - Detected encoding: utf-8
2024-09-02 22:06:27,983 - INFO - Detected encoding: utf-8
2024-09-02 22:06:31,388 - INFO - Detected encoding: utf-8
2024-09-02 22:06:34,750 - INFO - Detected encoding: utf-8
2024-09-02 22:06:38,152 - INFO - Detected encoding: utf-8
2024-09-02 22:06:41,502 - INFO - Detected encoding: utf-8
2024-09-02 22:06:45,040 - INFO - Detected encoding: utf-8
2024-09-02 22:06:48,556 - INFO - Detected encoding: utf-8
2024-09-02 22:06:51,841 - INFO - Detected encoding: utf-8
2024-09-02 22:06:55,283 - INFO - Detected encoding: utf-8
2024-09-02 22:06:58,692 - INFO - Detected encoding: utf-8
2024-09-02 22:07:02,086 - INFO - Detected encoding: utf-8
2024-09-02 22:07:05,571 - INFO - Detected encoding: utf-8
2024-09-02 22:07:08,835 - INFO - Detected encoding: utf-8
2024-09-02 22:07:12,294 - INFO - Detected encoding: utf-8
2024-09-02 22:07:15,735 - INFO - Detected encoding: utf-8
2024-09-02 22:07:19,048 - INFO - Detected encoding: utf-8
2024-09-02 22:07:22,345 - INFO - Detected encoding: utf-8
2024-09-02 22:07:25,716 - INFO - Detected encoding: utf-8
2024-09-02 22:07:29,906 - INFO - Detected encoding: utf-8
2024-09-02 22:07:33,770 - INFO - Detected encoding: utf-8
2024-09-02 22:07:37,355 - INFO - Detected encoding: utf-8
2024-09-02 22:07:40,476 - INFO - Detected encoding: utf-8
2024-09-02 22:07:43,692 - INFO - Detected encoding: utf-8
2024-09-02 22:07:46,913 - INFO - Detected encoding: utf-8
2024-09-02 22:07:50,238 - INFO - Detected encoding: utf-8
2024-09-02 22:07:53,615 - INFO - Detected encoding: utf-8
2024-09-02 22:07:57,272 - INFO - Detected encoding: utf-8
2024-09-02 22:08:01,005 - INFO - Detected encoding: utf-8
2024-09-02 22:08:04,771 - INFO - Detected encoding: utf-8
2024-09-02 22:08:08,519 - INFO - Detected encoding: utf-8
2024-09-02 22:08:12,271 - INFO - Detected encoding: utf-8
2024-09-02 22:08:15,466 - INFO - Detected encoding: utf-8
2024-09-02 22:08:18,784 - INFO - Detected encoding: utf-8
2024-09-02 22:08:22,527 - INFO - Detected encoding: utf-8
2024-09-02 22:08:26,154 - INFO - Detected encoding: utf-8
2024-09-02 22:08:29,462 - INFO - Detected encoding: utf-8
2024-09-02 22:08:32,927 - INFO - Detected encoding: utf-8
2024-09-02 22:08:36,467 - INFO - Detected encoding: utf-8
2024-09-02 22:08:39,721 - INFO - Detected encoding: utf-8
2024-09-02 22:08:43,881 - INFO - Detected encoding: utf-8
2024-09-02 22:08:47,479 - INFO - Detected encoding: utf-8
2024-09-02 22:08:50,995 - INFO - Detected encoding: utf-8
2024-09-02 22:08:51,770 - INFO - Detected encoding: utf-8
2024-09-02 22:08:52,469 - INFO - Detected encoding: utf-8
2024-09-02 22:08:53,152 - INFO - Detected encoding: utf-8
2024-09-02 22:08:53,896 - INFO - Detected encoding: utf-8
2024-09-02 22:08:54,632 - INFO - Detected encoding: utf-8
2024-09-02 22:08:55,384 - INFO - Detected encoding: utf-8
2024-09-02 22:08:56,143 - INFO - Detected encoding: utf-8
2024-09-02 22:08:56,876 - INFO - Detected encoding: utf-8
2024-09-02 22:08:57,574 - INFO - Detected encoding: utf-8
2024-09-02 22:08:58,283 - INFO - Detected encoding: utf-8
2024-09-02 22:08:59,015 - INFO - Detected encoding: utf-8
2024-09-02 22:08:59,721 - INFO - Detected encoding: utf-8
2024-09-02 22:09:00,466 - INFO - Detected encoding: utf-8
2024-09-02 22:09:01,184 - INFO - Detected encoding: utf-8
2024-09-02 22:09:01,897 - INFO - Detected encoding: utf-8
2024-09-02 22:09:02,666 - INFO - Detected encoding: utf-8
2024-09-02 22:09:03,374 - INFO - Detected encoding: utf-8
2024-09-02 22:09:04,105 - INFO - Detected encoding: utf-8
2024-09-02 22:09:04,815 - INFO - Detected encoding: utf-8
2024-09-02 22:09:05,551 - INFO - Detected encoding: utf-8
2024-09-02 22:09:06,351 - INFO - Detected encoding: utf-8
2024-09-02 22:09:07,053 - INFO - Detected encoding: utf-8
2024-09-02 22:09:07,794 - INFO - Detected encoding: utf-8
2024-09-02 22:09:08,562 - INFO - Detected encoding: utf-8
2024-09-02 22:09:09,294 - INFO - Detected encoding: utf-8
2024-09-02 22:09:10,019 - INFO - Detected encoding: utf-8
2024-09-02 22:09:10,767 - INFO - Detected encoding: utf-8
2024-09-02 22:09:11,521 - INFO - Detected encoding: utf-8
2024-09-02 22:09:12,249 - INFO - Detected encoding: utf-8
2024-09-02 22:09:12,989 - INFO - Detected encoding: utf-8
2024-09-02 22:09:13,729 - INFO - Detected encoding: utf-8
2024-09-02 22:09:14,474 - INFO - Detected encoding: utf-8
2024-09-02 22:09:15,209 - INFO - Detected encoding: utf-8
2024-09-02 22:09:15,910 - INFO - Detected encoding: utf-8
2024-09-02 22:09:16,644 - INFO - Detected encoding: utf-8
2024-09-02 22:09:17,348 - INFO - Detected encoding: utf-8
2024-09-02 22:09:18,076 - INFO - Detected encoding: utf-8
2024-09-02 22:09:18,822 - INFO - Detected encoding: utf-8
2024-09-02 22:09:19,586 - INFO - Detected encoding: utf-8
2024-09-02 22:09:20,308 - INFO - Detected encoding: utf-8
2024-09-02 22:09:21,047 - INFO - Detected encoding: utf-8
2024-09-02 22:09:21,802 - INFO - Detected encoding: utf-8
2024-09-02 22:09:22,506 - INFO - Detected encoding: utf-8
2024-09-02 22:09:23,206 - INFO - Detected encoding: utf-8
2024-09-02 22:09:23,930 - INFO - Detected encoding: utf-8
2024-09-02 22:09:24,755 - INFO - Detected encoding: utf-8
2024-09-02 22:09:25,505 - INFO - Detected encoding: utf-8
2024-09-02 22:09:27,075 - INFO - Detected encoding: utf-8
2024-09-02 22:09:27,834 - INFO - Detected encoding: utf-8
2024-09-02 22:09:28,560 - INFO - Detected encoding: utf-8
2024-09-02 22:09:29,322 - INFO - Detected encoding: utf-8
2024-09-02 22:09:30,100 - INFO - Detected encoding: utf-8
2024-09-02 22:09:30,832 - INFO - Detected encoding: utf-8
2024-09-02 22:09:31,577 - INFO - Detected encoding: utf-8
2024-09-02 22:09:32,321 - INFO - Detected encoding: utf-8
2024-09-02 22:09:33,095 - INFO - Detected encoding: utf-8
2024-09-02 22:09:33,811 - INFO - Detected encoding: utf-8
2024-09-02 22:09:34,554 - INFO - Detected encoding: utf-8
2024-09-02 22:09:35,306 - INFO - Detected encoding: utf-8
2024-09-02 22:09:36,072 - INFO - Detected encoding: utf-8
2024-09-02 22:09:36,826 - INFO - Detected encoding: utf-8
2024-09-02 22:09:37,599 - INFO - Detected encoding: utf-8
2024-09-02 22:09:38,317 - INFO - Detected encoding: utf-8
2024-09-02 22:09:39,084 - INFO - Detected encoding: utf-8
2024-09-02 22:09:39,812 - INFO - Detected encoding: utf-8
2024-09-02 22:09:40,819 - INFO - Detected encoding: utf-8
2024-09-02 22:09:41,583 - INFO - Detected encoding: utf-8
2024-09-02 22:09:42,380 - INFO - Detected encoding: utf-8
2024-09-02 22:09:43,115 - INFO - Detected encoding: utf-8
2024-09-02 22:09:43,850 - INFO - Detected encoding: utf-8
2024-09-02 22:09:44,628 - INFO - Detected encoding: utf-8
2024-09-02 22:09:45,368 - INFO - Detected encoding: utf-8
2024-09-02 22:09:46,079 - INFO - Detected encoding: utf-8
2024-09-02 22:09:46,813 - INFO - Detected encoding: utf-8
2024-09-02 22:09:47,549 - INFO - Detected encoding: utf-8
2024-09-02 22:09:48,327 - INFO - Detected encoding: utf-8
2024-09-02 22:09:49,043 - INFO - Detected encoding: utf-8
2024-09-02 22:09:49,757 - INFO - Detected encoding: utf-8
2024-09-02 22:09:50,477 - INFO - Detected encoding: utf-8
2024-09-02 22:09:51,251 - INFO - Detected encoding: utf-8
2024-09-02 22:09:51,954 - INFO - Detected encoding: utf-8
2024-09-02 22:09:52,720 - INFO - Detected encoding: utf-8
2024-09-02 22:09:53,464 - INFO - Detected encoding: utf-8
2024-09-02 22:09:54,246 - INFO - Detected encoding: utf-8
2024-09-02 22:09:54,966 - INFO - Detected encoding: utf-8
2024-09-02 22:09:55,917 - INFO - Detected encoding: utf-8
2024-09-02 22:09:56,674 - INFO - Detected encoding: utf-8
2024-09-02 22:09:57,448 - INFO - Detected encoding: utf-8
2024-09-02 22:09:58,169 - INFO - Detected encoding: utf-8
2024-09-02 22:09:58,867 - INFO - Detected encoding: utf-8
2024-09-02 22:09:59,567 - INFO - Detected encoding: utf-8
2024-09-02 22:10:00,315 - INFO - Detected encoding: utf-8
2024-09-02 22:10:01,088 - INFO - Detected encoding: utf-8
2024-09-02 22:10:01,800 - INFO - Detected encoding: utf-8
2024-09-02 22:10:02,487 - INFO - Detected encoding: utf-8
2024-09-02 22:10:03,163 - INFO - Detected encoding: utf-8
2024-09-02 22:10:03,931 - INFO - Detected encoding: utf-8
2024-09-02 22:10:04,682 - INFO - Detected encoding: utf-8
2024-09-02 22:10:05,379 - INFO - Detected encoding: utf-8
2024-09-02 22:10:06,127 - INFO - Detected encoding: utf-8
2024-09-02 22:10:06,827 - INFO - Detected encoding: utf-8
2024-09-02 22:10:07,576 - INFO - Detected encoding: utf-8
2024-09-02 22:10:08,332 - INFO - Detected encoding: utf-8
2024-09-02 22:10:09,050 - INFO - Detected encoding: utf-8
2024-09-02 22:10:09,767 - INFO - Detected encoding: utf-8
2024-09-02 22:10:10,462 - INFO - Detected encoding: utf-8
2024-09-02 22:10:11,220 - INFO - Detected encoding: utf-8
2024-09-02 22:10:11,947 - INFO - Detected encoding: utf-8
2024-09-02 22:10:12,692 - INFO - Detected encoding: utf-8
2024-09-02 22:10:13,418 - INFO - Detected encoding: utf-8
2024-09-02 22:10:14,154 - INFO - Detected encoding: utf-8
2024-09-02 22:10:14,901 - INFO - Detected encoding: utf-8
2024-09-02 22:10:17,545 - INFO - Detected encoding: utf-8
2024-09-02 22:10:20,230 - INFO - Detected encoding: utf-8
2024-09-02 22:10:23,084 - INFO - Detected encoding: utf-8
2024-09-02 22:10:25,838 - INFO - Detected encoding: utf-8
2024-09-02 22:10:28,661 - INFO - Detected encoding: utf-8
2024-09-02 22:10:31,369 - INFO - Detected encoding: utf-8
2024-09-02 22:10:34,206 - INFO - Detected encoding: utf-8
2024-09-02 22:10:37,102 - INFO - Detected encoding: utf-8
2024-09-02 22:10:39,932 - INFO - Detected encoding: utf-8
2024-09-02 22:10:42,710 - INFO - Detected encoding: utf-8
2024-09-02 22:10:45,411 - INFO - Detected encoding: utf-8
2024-09-02 22:10:48,168 - INFO - Detected encoding: utf-8
2024-09-02 22:10:51,065 - INFO - Detected encoding: utf-8
2024-09-02 22:10:54,176 - INFO - Detected encoding: utf-8
2024-09-02 22:10:57,030 - INFO - Detected encoding: utf-8
2024-09-02 22:10:59,863 - INFO - Detected encoding: utf-8
2024-09-02 22:11:02,595 - INFO - Detected encoding: utf-8
2024-09-02 22:11:05,450 - INFO - Detected encoding: utf-8
2024-09-02 22:11:08,295 - INFO - Detected encoding: utf-8
2024-09-02 22:11:11,028 - INFO - Detected encoding: utf-8
2024-09-02 22:11:13,927 - INFO - Detected encoding: utf-8
2024-09-02 22:11:16,839 - INFO - Detected encoding: utf-8
2024-09-02 22:11:19,654 - INFO - Detected encoding: utf-8
2024-09-02 22:11:22,497 - INFO - Detected encoding: utf-8
2024-09-02 22:11:27,482 - INFO - Detected encoding: utf-8
2024-09-02 22:11:30,167 - INFO - Detected encoding: utf-8
2024-09-02 22:11:32,755 - INFO - Detected encoding: utf-8
2024-09-02 22:11:35,597 - INFO - Detected encoding: utf-8
2024-09-02 22:11:38,503 - INFO - Detected encoding: utf-8
2024-09-02 22:11:41,271 - INFO - Detected encoding: utf-8
2024-09-02 22:11:44,154 - INFO - Detected encoding: utf-8
2024-09-02 22:11:46,844 - INFO - Detected encoding: utf-8
2024-09-02 22:11:49,768 - INFO - Detected encoding: utf-8
2024-09-02 22:11:52,460 - INFO - Detected encoding: utf-8
2024-09-02 22:11:55,305 - INFO - Detected encoding: utf-8
2024-09-02 22:11:58,253 - INFO - Detected encoding: utf-8
2024-09-02 22:12:01,377 - INFO - Detected encoding: utf-8
2024-09-02 22:12:04,254 - INFO - Detected encoding: utf-8
2024-09-02 22:12:07,163 - INFO - Detected encoding: utf-8
2024-09-02 22:12:09,686 - INFO - Detected encoding: utf-8
2024-09-02 22:12:12,838 - INFO - Detected encoding: utf-8
2024-09-02 22:12:15,370 - INFO - Detected encoding: utf-8
2024-09-02 22:12:17,922 - INFO - Detected encoding: utf-8
2024-09-02 22:12:20,691 - INFO - Detected encoding: utf-8
2024-09-02 22:12:23,278 - INFO - Detected encoding: utf-8
2024-09-02 22:12:25,942 - INFO - Detected encoding: utf-8
2024-09-02 22:12:28,480 - INFO - Detected encoding: utf-8
2024-09-02 22:12:31,303 - INFO - Detected encoding: utf-8
2024-09-02 22:12:34,164 - INFO - Detected encoding: utf-8
2024-09-02 22:12:37,075 - INFO - Detected encoding: utf-8
2024-09-02 22:12:39,983 - INFO - Detected encoding: utf-8
2024-09-02 22:12:42,846 - INFO - Detected encoding: utf-8
2024-09-02 22:12:45,645 - INFO - Detected encoding: utf-8
2024-09-02 22:12:48,667 - INFO - Detected encoding: utf-8
2024-09-02 22:12:51,406 - INFO - Detected encoding: utf-8
2024-09-02 22:12:54,070 - INFO - Detected encoding: utf-8
2024-09-02 22:12:54,980 - INFO - Detected encoding: utf-8
2024-09-02 22:12:55,860 - INFO - Detected encoding: utf-8
2024-09-02 22:12:56,840 - INFO - Detected encoding: utf-8
2024-09-02 22:12:57,643 - INFO - Detected encoding: utf-8
2024-09-02 22:12:58,438 - INFO - Detected encoding: utf-8
2024-09-02 22:12:59,288 - INFO - Detected encoding: utf-8
2024-09-02 22:13:00,228 - INFO - Detected encoding: utf-8
2024-09-02 22:13:01,018 - INFO - Detected encoding: utf-8
2024-09-02 22:13:01,929 - INFO - Detected encoding: utf-8
2024-09-02 22:13:02,910 - INFO - Detected encoding: utf-8
2024-09-02 22:13:03,927 - INFO - Detected encoding: utf-8
2024-09-02 22:13:04,922 - INFO - Detected encoding: utf-8
2024-09-02 22:13:05,914 - INFO - Detected encoding: utf-8
2024-09-02 22:13:06,952 - INFO - Detected encoding: utf-8
2024-09-02 22:13:07,977 - INFO - Detected encoding: utf-8
2024-09-02 22:13:08,775 - INFO - Detected encoding: utf-8
2024-09-02 22:13:09,661 - INFO - Detected encoding: utf-8
2024-09-02 22:13:10,477 - INFO - Detected encoding: utf-8
2024-09-02 22:13:11,471 - INFO - Detected encoding: utf-8
2024-09-02 22:13:12,429 - INFO - Detected encoding: utf-8
2024-09-02 22:13:13,429 - INFO - Detected encoding: utf-8
2024-09-02 22:13:14,208 - INFO - Detected encoding: utf-8
2024-09-02 22:13:15,134 - INFO - Detected encoding: utf-8
2024-09-02 22:13:16,123 - INFO - Detected encoding: utf-8
2024-09-02 22:13:17,128 - INFO - Detected encoding: utf-8
2024-09-02 22:13:18,148 - INFO - Detected encoding: utf-8
2024-09-02 22:13:18,983 - INFO - Detected encoding: utf-8
2024-09-02 22:13:19,753 - INFO - Detected encoding: utf-8
2024-09-02 22:13:20,770 - INFO - Detected encoding: utf-8
2024-09-02 22:13:21,777 - INFO - Detected encoding: utf-8
2024-09-02 22:13:22,788 - INFO - Detected encoding: utf-8
2024-09-02 22:13:23,830 - INFO - Detected encoding: utf-8
2024-09-02 22:13:24,746 - INFO - Detected encoding: utf-8
2024-09-02 22:13:25,529 - INFO - Detected encoding: utf-8
2024-09-02 22:13:26,497 - INFO - Detected encoding: utf-8
2024-09-02 22:13:27,296 - INFO - Detected encoding: utf-8
2024-09-02 22:13:28,249 - INFO - Detected encoding: utf-8
2024-09-02 22:13:29,184 - INFO - Detected encoding: utf-8
2024-09-02 22:13:30,190 - INFO - Detected encoding: utf-8
2024-09-02 22:13:31,073 - INFO - Detected encoding: utf-8
2024-09-02 22:13:32,046 - INFO - Detected encoding: utf-8
2024-09-02 22:13:32,880 - INFO - Detected encoding: utf-8
2024-09-02 22:13:33,888 - INFO - Detected encoding: utf-8
2024-09-02 22:13:34,879 - INFO - Detected encoding: utf-8
2024-09-02 22:13:35,833 - INFO - Detected encoding: utf-8
2024-09-02 22:13:36,961 - INFO - Detected encoding: utf-8
2024-09-02 22:13:37,953 - INFO - Detected encoding: utf-8
2024-09-02 22:13:38,956 - INFO - Detected encoding: utf-8
2024-09-02 22:13:39,815 - INFO - Detected encoding: utf-8
2024-09-02 22:13:40,741 - INFO - Detected encoding: utf-8
2024-09-02 22:13:41,730 - INFO - Detected encoding: utf-8
2024-09-02 22:13:42,696 - INFO - Detected encoding: utf-8
2024-09-02 22:13:43,664 - INFO - Detected encoding: utf-8
2024-09-02 22:13:44,642 - INFO - Detected encoding: utf-8
2024-09-02 22:13:45,585 - INFO - Detected encoding: utf-8
2024-09-02 22:13:46,361 - INFO - Detected encoding: utf-8
2024-09-02 22:13:47,085 - INFO - Detected encoding: utf-8
2024-09-02 22:13:47,792 - INFO - Detected encoding: utf-8
2024-09-02 22:13:48,514 - INFO - Detected encoding: utf-8
2024-09-02 22:13:49,233 - INFO - Detected encoding: utf-8
2024-09-02 22:13:49,983 - INFO - Detected encoding: utf-8
2024-09-02 22:13:50,667 - INFO - Detected encoding: utf-8
2024-09-02 22:13:51,362 - INFO - Detected encoding: utf-8
2024-09-02 22:13:52,065 - INFO - Detected encoding: utf-8
2024-09-02 22:13:52,788 - INFO - Detected encoding: utf-8
2024-09-02 22:13:53,518 - INFO - Detected encoding: utf-8
2024-09-02 22:13:54,229 - INFO - Detected encoding: utf-8
2024-09-02 22:13:54,906 - INFO - Detected encoding: utf-8
2024-09-02 22:13:55,610 - INFO - Detected encoding: utf-8
2024-09-02 22:13:56,313 - INFO - Detected encoding: utf-8
2024-09-02 22:13:57,065 - INFO - Detected encoding: utf-8
2024-09-02 22:13:57,785 - INFO - Detected encoding: utf-8
2024-09-02 22:13:58,492 - INFO - Detected encoding: utf-8
2024-09-02 22:13:59,212 - INFO - Detected encoding: utf-8
2024-09-02 22:13:59,936 - INFO - Detected encoding: utf-8
2024-09-02 22:14:00,621 - INFO - Detected encoding: utf-8
2024-09-02 22:14:01,333 - INFO - Detected encoding: utf-8
2024-09-02 22:14:02,043 - INFO - Detected encoding: utf-8
2024-09-02 22:14:02,785 - INFO - Detected encoding: utf-8
2024-09-02 22:14:03,496 - INFO - Detected encoding: utf-8
2024-09-02 22:14:04,236 - INFO - Detected encoding: utf-8
2024-09-02 22:14:04,967 - INFO - Detected encoding: utf-8
2024-09-02 22:14:05,664 - INFO - Detected encoding: utf-8
2024-09-02 22:14:06,372 - INFO - Detected encoding: utf-8
2024-09-02 22:14:07,112 - INFO - Detected encoding: utf-8
2024-09-02 22:14:07,862 - INFO - Detected encoding: utf-8
2024-09-02 22:14:08,538 - INFO - Detected encoding: utf-8
2024-09-02 22:14:09,266 - INFO - Detected encoding: utf-8
2024-09-02 22:14:10,024 - INFO - Detected encoding: utf-8
2024-09-02 22:14:10,766 - INFO - Detected encoding: utf-8
2024-09-02 22:14:11,474 - INFO - Detected encoding: utf-8
2024-09-02 22:14:12,173 - INFO - Detected encoding: utf-8
2024-09-02 22:14:12,855 - INFO - Detected encoding: utf-8
2024-09-02 22:14:13,558 - INFO - Detected encoding: utf-8
2024-09-02 22:14:14,267 - INFO - Detected encoding: utf-8
2024-09-02 22:14:14,948 - INFO - Detected encoding: utf-8
2024-09-02 22:14:15,664 - INFO - Detected encoding: utf-8
2024-09-02 22:14:16,388 - INFO - Detected encoding: utf-8
2024-09-02 22:14:17,102 - INFO - Detected encoding: utf-8
2024-09-02 22:14:17,801 - INFO - Detected encoding: utf-8
2024-09-02 22:14:18,536 - INFO - Detected encoding: utf-8
2024-09-02 22:14:19,250 - INFO - Detected encoding: utf-8
2024-09-02 22:14:19,926 - INFO - Detected encoding: utf-8
2024-09-02 22:14:20,643 - INFO - Detected encoding: utf-8
2024-09-02 22:14:21,323 - INFO - Detected encoding: utf-8
2024-09-02 22:14:22,085 - INFO - Detected encoding: utf-8
2024-09-02 22:14:22,812 - INFO - Detected encoding: utf-8
2024-09-02 22:14:23,537 - INFO - Detected encoding: utf-8
2024-09-02 22:14:24,254 - INFO - Detected encoding: utf-8
2024-09-02 22:14:24,961 - INFO - Detected encoding: utf-8
2024-09-02 22:14:25,672 - INFO - Detected encoding: utf-8
2024-09-02 22:14:26,375 - INFO - Detected encoding: utf-8
2024-09-02 22:14:28,417 - INFO - Detected encoding: utf-8
2024-09-02 22:14:30,400 - INFO - Detected encoding: utf-8
2024-09-02 22:14:32,366 - INFO - Detected encoding: utf-8
2024-09-02 22:14:34,328 - INFO - Detected encoding: utf-8
2024-09-02 22:14:36,383 - INFO - Detected encoding: utf-8
2024-09-02 22:14:38,237 - INFO - Detected encoding: utf-8
2024-09-02 22:14:40,196 - INFO - Detected encoding: utf-8
2024-09-02 22:14:42,048 - INFO - Detected encoding: utf-8
2024-09-02 22:14:43,804 - INFO - Detected encoding: utf-8
2024-09-02 22:14:45,633 - INFO - Detected encoding: utf-8
2024-09-02 22:14:47,575 - INFO - Detected encoding: utf-8
2024-09-02 22:14:49,502 - INFO - Detected encoding: utf-8
2024-09-02 22:14:51,432 - INFO - Detected encoding: utf-8
2024-09-02 22:14:53,286 - INFO - Detected encoding: utf-8
2024-09-02 22:14:55,183 - INFO - Detected encoding: utf-8
2024-09-02 22:14:57,073 - INFO - Detected encoding: utf-8
2024-09-02 22:14:59,085 - INFO - Detected encoding: utf-8
2024-09-02 22:15:01,052 - INFO - Detected encoding: utf-8
2024-09-02 22:15:02,945 - INFO - Detected encoding: utf-8
2024-09-02 22:15:05,149 - INFO - Detected encoding: utf-8
2024-09-02 22:15:07,089 - INFO - Detected encoding: utf-8
2024-09-02 22:15:08,981 - INFO - Detected encoding: utf-8
2024-09-02 22:15:10,885 - INFO - Detected encoding: utf-8
2024-09-02 22:15:12,814 - INFO - Detected encoding: utf-8
2024-09-02 22:15:14,603 - INFO - Detected encoding: utf-8
2024-09-02 22:15:17,506 - INFO - Detected encoding: utf-8
2024-09-02 22:15:19,468 - INFO - Detected encoding: utf-8
2024-09-02 22:15:21,412 - INFO - Detected encoding: utf-8
2024-09-02 22:15:23,331 - INFO - Detected encoding: utf-8
2024-09-02 22:15:25,165 - INFO - Detected encoding: utf-8
2024-09-02 22:15:27,040 - INFO - Detected encoding: utf-8
2024-09-02 22:15:28,879 - INFO - Detected encoding: utf-8
2024-09-02 22:15:30,789 - INFO - Detected encoding: utf-8
2024-09-02 22:15:32,641 - INFO - Detected encoding: utf-8
2024-09-02 22:15:34,682 - INFO - Detected encoding: utf-8
2024-09-02 22:15:36,565 - INFO - Detected encoding: utf-8
2024-09-02 22:15:38,471 - INFO - Detected encoding: utf-8
2024-09-02 22:15:40,384 - INFO - Detected encoding: utf-8
2024-09-02 22:15:42,285 - INFO - Detected encoding: utf-8
2024-09-02 22:15:44,624 - INFO - Detected encoding: utf-8
2024-09-02 22:15:46,545 - INFO - Detected encoding: utf-8
2024-09-02 22:15:48,503 - INFO - Detected encoding: utf-8
2024-09-02 22:15:50,678 - INFO - Detected encoding: utf-8
2024-09-02 22:15:52,803 - INFO - Detected encoding: utf-8
2024-09-02 22:15:54,765 - INFO - Detected encoding: utf-8
2024-09-02 22:15:56,699 - INFO - Detected encoding: utf-8
2024-09-02 22:15:58,552 - INFO - Detected encoding: utf-8
2024-09-02 22:16:00,574 - INFO - Detected encoding: utf-8
2024-09-02 22:16:02,368 - INFO - Detected encoding: utf-8
2024-09-02 22:16:04,359 - INFO - Detected encoding: utf-8
2024-09-02 22:16:06,534 - INFO - Detected encoding: utf-8
2024-09-02 22:16:08,861 - INFO - Detected encoding: utf-8
2024-09-02 22:16:11,136 - INFO - Detected encoding: utf-8
2024-09-02 22:16:13,274 - INFO - Detected encoding: utf-8
2024-09-02 22:16:15,097 - INFO - Detected encoding: utf-8
2024-09-02 22:16:16,990 - INFO - Detected encoding: utf-8
2024-09-02 22:16:17,707 - INFO - Detected encoding: utf-8
2024-09-02 22:16:18,389 - INFO - Detected encoding: utf-8
2024-09-02 22:16:19,100 - INFO - Detected encoding: utf-8
2024-09-02 22:16:19,797 - INFO - Detected encoding: utf-8
2024-09-02 22:16:20,464 - INFO - Detected encoding: utf-8
2024-09-02 22:16:21,136 - INFO - Detected encoding: utf-8
2024-09-02 22:16:21,832 - INFO - Detected encoding: utf-8
2024-09-02 22:16:22,537 - INFO - Detected encoding: utf-8
2024-09-02 22:16:23,194 - INFO - Detected encoding: utf-8
2024-09-02 22:16:23,864 - INFO - Detected encoding: utf-8
2024-09-02 22:16:24,548 - INFO - Detected encoding: utf-8
2024-09-02 22:16:25,221 - INFO - Detected encoding: utf-8
2024-09-02 22:16:25,891 - INFO - Detected encoding: utf-8
2024-09-02 22:16:26,567 - INFO - Detected encoding: utf-8
2024-09-02 22:16:27,298 - INFO - Detected encoding: utf-8
2024-09-02 22:16:27,992 - INFO - Detected encoding: utf-8
2024-09-02 22:16:28,690 - INFO - Detected encoding: utf-8
2024-09-02 22:16:29,381 - INFO - Detected encoding: utf-8
2024-09-02 22:16:30,053 - INFO - Detected encoding: utf-8
2024-09-02 22:16:30,729 - INFO - Detected encoding: utf-8
2024-09-02 22:16:31,397 - INFO - Detected encoding: utf-8
2024-09-02 22:16:32,078 - INFO - Detected encoding: utf-8
2024-09-02 22:16:32,771 - INFO - Detected encoding: utf-8
2024-09-02 22:16:33,465 - INFO - Detected encoding: utf-8
2024-09-02 22:16:34,156 - INFO - Detected encoding: utf-8
2024-09-02 22:16:34,837 - INFO - Detected encoding: utf-8
2024-09-02 22:16:35,536 - INFO - Detected encoding: utf-8
2024-09-02 22:16:36,238 - INFO - Detected encoding: utf-8
2024-09-02 22:16:36,915 - INFO - Detected encoding: utf-8
2024-09-02 22:16:37,634 - INFO - Detected encoding: utf-8
2024-09-02 22:16:38,357 - INFO - Detected encoding: utf-8
2024-09-02 22:16:39,055 - INFO - Detected encoding: utf-8
2024-09-02 22:16:39,749 - INFO - Detected encoding: utf-8
2024-09-02 22:16:40,428 - INFO - Detected encoding: utf-8
2024-09-02 22:16:41,108 - INFO - Detected encoding: utf-8
2024-09-02 22:16:41,806 - INFO - Detected encoding: utf-8
2024-09-02 22:16:42,492 - INFO - Detected encoding: utf-8
2024-09-02 22:16:43,167 - INFO - Detected encoding: utf-8
2024-09-02 22:16:43,829 - INFO - Detected encoding: utf-8
2024-09-02 22:16:44,527 - INFO - Detected encoding: utf-8
2024-09-02 22:16:45,202 - INFO - Detected encoding: utf-8
2024-09-02 22:16:45,918 - INFO - Detected encoding: utf-8
2024-09-02 22:16:46,586 - INFO - Detected encoding: utf-8
2024-09-02 22:16:47,282 - INFO - Detected encoding: utf-8
2024-09-02 22:16:48,209 - INFO - Detected encoding: utf-8
2024-09-02 22:16:48,895 - INFO - Detected encoding: utf-8
2024-09-02 22:16:49,617 - INFO - Detected encoding: utf-8
2024-09-02 22:16:50,343 - INFO - Detected encoding: utf-8
2024-09-02 22:16:51,066 - INFO - Detected encoding: utf-8
2024-09-02 22:16:51,762 - INFO - Detected encoding: utf-8
2024-09-02 22:16:52,499 - INFO - Detected encoding: utf-8
2024-09-02 22:16:53,216 - INFO - Detected encoding: utf-8
2024-09-02 22:16:53,918 - INFO - Detected encoding: utf-8
2024-09-02 22:16:54,604 - INFO - Detected encoding: utf-8
2024-09-02 22:16:55,308 - INFO - Detected encoding: utf-8
2024-09-02 22:16:56,001 - INFO - Detected encoding: utf-8
2024-09-02 22:16:56,616 - INFO - Detected encoding: UTF-8-SIG
2024-09-02 22:16:57,247 - INFO - Detected encoding: UTF-8-SIG
2024-09-02 22:16:57,870 - INFO - Detected encoding: UTF-8-SIG
2024-09-02 22:16:58,494 - INFO - Detected encoding: UTF-8-SIG
2024-09-02 22:16:59,136 - INFO - Detected encoding: UTF-8-SIG
2024-09-02 22:16:59,764 - INFO - Detected encoding: UTF-8-SIG
2024-09-02 22:17:00,395 - INFO - Detected encoding: UTF-8-SIG
2024-09-02 22:17:01,026 - INFO - Detected encoding: UTF-8-SIG
2024-09-02 22:17:01,656 - INFO - Detected encoding: UTF-8-SIG
2024-09-02 22:17:02,295 - INFO - Detected encoding: UTF-8-SIG
2024-09-02 22:17:02,924 - INFO - Detected encoding: UTF-8-SIG
2024-09-02 22:17:03,553 - INFO - Detected encoding: UTF-8-SIG
2024-09-02 22:17:04,178 - INFO - Detected encoding: UTF-8-SIG
2024-09-02 22:17:04,795 - INFO - Detected encoding: UTF-8-SIG
2024-09-02 22:17:05,432 - INFO - Detected encoding: UTF-8-SIG
2024-09-02 22:17:06,043 - INFO - Detected encoding: UTF-8-SIG
2024-09-02 22:17:06,668 - INFO - Detected encoding: UTF-8-SIG
2024-09-02 22:17:07,441 - INFO - Detected encoding: UTF-8-SIG
2024-09-02 22:17:08,071 - INFO - Detected encoding: UTF-8-SIG
2024-09-02 22:17:08,709 - INFO - Detected encoding: UTF-8-SIG
2024-09-02 22:17:09,350 - INFO - Detected encoding: UTF-8-SIG
2024-09-02 22:17:10,122 - INFO - Detected encoding: UTF-8-SIG
2024-09-02 22:17:10,729 - INFO - Detected encoding: UTF-8-SIG
2024-09-02 22:17:11,339 - INFO - Detected encoding: UTF-8-SIG
2024-09-02 22:17:11,950 - INFO - Detected encoding: UTF-8-SIG
2024-09-02 22:17:12,574 - INFO - Detected encoding: UTF-8-SIG
2024-09-02 22:17:13,191 - INFO - Detected encoding: UTF-8-SIG
2024-09-02 22:17:13,805 - INFO - Detected encoding: UTF-8-SIG
2024-09-02 22:17:14,428 - INFO - Detected encoding: UTF-8-SIG
2024-09-02 22:17:15,050 - INFO - Detected encoding: UTF-8-SIG
2024-09-02 22:17:15,830 - INFO - Detected encoding: UTF-8-SIG
2024-09-02 22:17:16,451 - INFO - Detected encoding: UTF-8-SIG
2024-09-02 22:17:17,075 - INFO - Detected encoding: UTF-8-SIG
2024-09-02 22:17:17,699 - INFO - Detected encoding: UTF-8-SIG
2024-09-02 22:17:18,308 - INFO - Detected encoding: UTF-8-SIG
2024-09-02 22:17:18,919 - INFO - Detected encoding: UTF-8-SIG
2024-09-02 22:17:19,548 - INFO - Detected encoding: UTF-8-SIG
2024-09-02 22:17:20,159 - INFO - Detected encoding: UTF-8-SIG
2024-09-02 22:17:20,784 - INFO - Detected encoding: UTF-8-SIG
2024-09-02 22:17:21,407 - INFO - Detected encoding: UTF-8-SIG
2024-09-02 22:17:22,032 - INFO - Detected encoding: UTF-8-SIG
2024-09-02 22:17:22,646 - INFO - Detected encoding: UTF-8-SIG
2024-09-02 22:17:23,260 - INFO - Detected encoding: UTF-8-SIG
2024-09-02 22:17:23,871 - INFO - Detected encoding: UTF-8-SIG
2024-09-02 22:17:24,479 - INFO - Detected encoding: UTF-8-SIG
2024-09-02 22:17:25,237 - INFO - Detected encoding: UTF-8-SIG
2024-09-02 22:17:25,853 - INFO - Detected encoding: UTF-8-SIG
2024-09-02 22:17:26,466 - INFO - Detected encoding: UTF-8-SIG
2024-09-02 22:17:27,076 - INFO - Detected encoding: UTF-8-SIG
2024-09-02 22:17:27,684 - INFO - Detected encoding: UTF-8-SIG
2024-09-02 22:17:28,301 - INFO - Detected encoding: UTF-8-SIG
2024-09-02 22:17:28,913 - INFO - Detected encoding: UTF-8-SIG
2024-09-02 22:17:29,522 - INFO - Detected encoding: UTF-8-SIG
2024-09-02 22:17:30,157 - INFO - Detected encoding: UTF-8-SIG
2024-09-02 22:17:30,776 - INFO - Detected encoding: UTF-8-SIG
2024-09-02 22:17:31,404 - INFO - Detected encoding: UTF-8-SIG
2024-09-02 22:17:32,977 - INFO - Detected encoding: utf-8
2024-09-02 22:17:34,551 - INFO - Detected encoding: utf-8
2024-09-02 22:17:36,236 - INFO - Detected encoding: utf-8
2024-09-02 22:17:37,853 - INFO - Detected encoding: utf-8
2024-09-02 22:17:39,462 - INFO - Detected encoding: utf-8
2024-09-02 22:17:41,183 - INFO - Detected encoding: utf-8
2024-09-02 22:17:42,745 - INFO - Detected encoding: utf-8
2024-09-02 22:17:44,338 - INFO - Detected encoding: utf-8
2024-09-02 22:17:46,084 - INFO - Detected encoding: utf-8
2024-09-02 22:17:47,560 - INFO - Detected encoding: utf-8
2024-09-02 22:17:49,128 - INFO - Detected encoding: utf-8
2024-09-02 22:17:50,840 - INFO - Detected encoding: utf-8
2024-09-02 22:17:52,370 - INFO - Detected encoding: utf-8
2024-09-02 22:17:53,988 - INFO - Detected encoding: utf-8
2024-09-02 22:17:55,709 - INFO - Detected encoding: utf-8
2024-09-02 22:17:57,267 - INFO - Detected encoding: utf-8
2024-09-02 22:17:58,858 - INFO - Detected encoding: utf-8
2024-09-02 22:18:00,537 - INFO - Detected encoding: utf-8
2024-09-02 22:18:01,943 - INFO - Detected encoding: utf-8
2024-09-02 22:18:03,533 - INFO - Detected encoding: utf-8
2024-09-02 22:18:05,206 - INFO - Detected encoding: utf-8
2024-09-02 22:18:06,834 - INFO - Detected encoding: utf-8
2024-09-02 22:18:08,446 - INFO - Detected encoding: utf-8
2024-09-02 22:18:09,929 - INFO - Detected encoding: utf-8
2024-09-02 22:18:11,553 - INFO - Detected encoding: utf-8
2024-09-02 22:18:13,143 - INFO - Detected encoding: utf-8
2024-09-02 22:18:14,623 - INFO - Detected encoding: utf-8
2024-09-02 22:18:16,241 - INFO - Detected encoding: utf-8
2024-09-02 22:18:17,899 - INFO - Detected encoding: utf-8
2024-09-02 22:18:19,504 - INFO - Detected encoding: utf-8
2024-09-02 22:18:21,104 - INFO - Detected encoding: utf-8
2024-09-02 22:18:22,718 - INFO - Detected encoding: utf-8
2024-09-02 22:18:24,633 - INFO - Detected encoding: utf-8
2024-09-02 22:18:26,349 - INFO - Detected encoding: utf-8
2024-09-02 22:18:28,040 - INFO - Detected encoding: utf-8
2024-09-02 22:18:29,650 - INFO - Detected encoding: utf-8
2024-09-02 22:18:31,191 - INFO - Detected encoding: utf-8
2024-09-02 22:18:32,736 - INFO - Detected encoding: utf-8
2024-09-02 22:18:34,352 - INFO - Detected encoding: utf-8
2024-09-02 22:18:35,799 - INFO - Detected encoding: utf-8
2024-09-02 22:18:37,390 - INFO - Detected encoding: utf-8
2024-09-02 22:18:39,181 - INFO - Detected encoding: utf-8
2024-09-02 22:18:40,880 - INFO - Detected encoding: utf-8
2024-09-02 22:18:42,384 - INFO - Detected encoding: utf-8
2024-09-02 22:18:43,901 - INFO - Detected encoding: utf-8
2024-09-02 22:18:45,441 - INFO - Detected encoding: utf-8
2024-09-02 22:18:46,907 - INFO - Detected encoding: utf-8
2024-09-02 22:18:48,496 - INFO - Detected encoding: utf-8
2024-09-02 22:18:50,040 - INFO - Detected encoding: utf-8
2024-09-02 22:18:51,735 - INFO - Detected encoding: utf-8
2024-09-02 22:18:53,312 - INFO - Detected encoding: utf-8
2024-09-02 22:18:54,841 - INFO - Detected encoding: utf-8
2024-09-02 22:18:56,422 - INFO - Detected encoding: utf-8
2024-09-02 22:18:58,002 - INFO - Detected encoding: utf-8
2024-09-02 22:18:59,576 - INFO - Detected encoding: utf-8
2024-09-02 22:19:01,144 - INFO - Detected encoding: utf-8
2024-09-02 22:19:03,458 - INFO - Detected encoding: utf-8
2024-09-02 22:19:05,707 - INFO - Detected encoding: utf-8
2024-09-02 22:19:07,963 - INFO - Detected encoding: utf-8
2024-09-02 22:19:10,122 - INFO - Detected encoding: utf-8
2024-09-02 22:19:12,490 - INFO - Detected encoding: utf-8
2024-09-02 22:19:14,684 - INFO - Detected encoding: utf-8
2024-09-02 22:19:16,974 - INFO - Detected encoding: utf-8
2024-09-02 22:19:19,332 - INFO - Detected encoding: utf-8
2024-09-02 22:19:21,567 - INFO - Detected encoding: utf-8
2024-09-02 22:19:24,006 - INFO - Detected encoding: utf-8
2024-09-02 22:19:26,381 - INFO - Detected encoding: utf-8
2024-09-02 22:19:28,652 - INFO - Detected encoding: utf-8
2024-09-02 22:19:30,956 - INFO - Detected encoding: utf-8
2024-09-02 22:19:33,398 - INFO - Detected encoding: utf-8
2024-09-02 22:19:35,766 - INFO - Detected encoding: utf-8
2024-09-02 22:19:38,315 - INFO - Detected encoding: utf-8
2024-09-02 22:19:40,614 - INFO - Detected encoding: utf-8
2024-09-02 22:19:43,219 - INFO - Detected encoding: utf-8
2024-09-02 22:19:45,667 - INFO - Detected encoding: utf-8
2024-09-02 22:19:47,864 - INFO - Detected encoding: utf-8
2024-09-02 22:19:50,102 - INFO - Detected encoding: utf-8
2024-09-02 22:19:52,460 - INFO - Detected encoding: utf-8
2024-09-02 22:19:54,739 - INFO - Detected encoding: utf-8
2024-09-02 22:19:56,932 - INFO - Detected encoding: utf-8
2024-09-02 22:19:59,214 - INFO - Detected encoding: utf-8
2024-09-02 22:20:01,742 - INFO - Detected encoding: utf-8
2024-09-02 22:20:04,025 - INFO - Detected encoding: utf-8
2024-09-02 22:20:06,499 - INFO - Detected encoding: utf-8
2024-09-02 22:20:08,706 - INFO - Detected encoding: utf-8
2024-09-02 22:20:11,058 - INFO - Detected encoding: utf-8
2024-09-02 22:20:13,144 - INFO - Detected encoding: utf-8
2024-09-02 22:20:15,212 - INFO - Detected encoding: utf-8
2024-09-02 22:20:17,435 - INFO - Detected encoding: utf-8
2024-09-02 22:20:19,944 - INFO - Detected encoding: utf-8
2024-09-02 22:20:22,256 - INFO - Detected encoding: utf-8
2024-09-02 22:20:24,620 - INFO - Detected encoding: utf-8
2024-09-02 22:20:26,698 - INFO - Detected encoding: utf-8
2024-09-02 22:20:28,691 - INFO - Detected encoding: utf-8
2024-09-02 22:20:30,968 - INFO - Detected encoding: utf-8
2024-09-02 22:20:33,210 - INFO - Detected encoding: utf-8
2024-09-02 22:20:35,644 - INFO - Detected encoding: utf-8
2024-09-02 22:20:37,912 - INFO - Detected encoding: utf-8
2024-09-02 22:20:40,043 - INFO - Detected encoding: utf-8
2024-09-02 22:20:42,367 - INFO - Detected encoding: utf-8
2024-09-02 22:20:44,684 - INFO - Detected encoding: utf-8
2024-09-02 22:20:47,116 - INFO - Detected encoding: utf-8
2024-09-02 22:20:49,328 - INFO - Detected encoding: utf-8
2024-09-02 22:20:51,440 - INFO - Detected encoding: utf-8
2024-09-02 22:20:53,645 - INFO - Detected encoding: utf-8
2024-09-02 22:20:55,865 - INFO - Detected encoding: utf-8
2024-09-02 22:20:58,123 - INFO - Detected encoding: utf-8
2024-09-02 22:21:00,285 - INFO - Detected encoding: utf-8
2024-09-02 22:21:02,514 - INFO - Detected encoding: utf-8
2024-09-02 22:21:04,990 - INFO - Detected encoding: utf-8
2024-09-02 22:21:07,149 - INFO - Detected encoding: utf-8
2024-09-02 22:21:09,296 - INFO - Detected encoding: utf-8
2024-09-02 22:21:10,857 - INFO - Detected encoding: utf-8
2024-09-02 22:21:12,400 - INFO - Detected encoding: utf-8
2024-09-02 22:21:13,842 - INFO - Detected encoding: utf-8
2024-09-02 22:21:15,283 - INFO - Detected encoding: utf-8
2024-09-02 22:21:18,444 - INFO - Detected encoding: utf-8
2024-09-02 22:21:20,788 - INFO - Detected encoding: utf-8
2024-09-02 22:21:22,929 - INFO - Detected encoding: utf-8
2024-09-02 22:21:24,594 - INFO - Detected encoding: utf-8
2024-09-02 22:21:26,131 - INFO - Detected encoding: utf-8
2024-09-02 22:21:27,817 - INFO - Detected encoding: utf-8
2024-09-02 22:21:29,838 - INFO - Detected encoding: utf-8
2024-09-02 22:21:31,670 - INFO - Detected encoding: utf-8
2024-09-02 22:21:33,553 - INFO - Detected encoding: utf-8
2024-09-02 22:21:35,931 - INFO - Detected encoding: utf-8
2024-09-02 22:21:38,682 - INFO - Detected encoding: utf-8
2024-09-02 22:21:41,535 - INFO - Detected encoding: utf-8
2024-09-02 22:21:43,633 - INFO - Detected encoding: utf-8
2024-09-02 22:21:45,287 - INFO - Detected encoding: utf-8
2024-09-02 22:21:47,186 - INFO - Detected encoding: utf-8
2024-09-02 22:21:48,746 - INFO - Detected encoding: utf-8
2024-09-02 22:21:51,294 - INFO - Detected encoding: utf-8
2024-09-02 22:21:53,216 - INFO - Detected encoding: utf-8
2024-09-02 22:21:54,874 - INFO - Detected encoding: utf-8
2024-09-02 22:21:56,412 - INFO - Detected encoding: utf-8
2024-09-02 22:21:58,107 - INFO - Detected encoding: utf-8
2024-09-02 22:21:59,810 - INFO - Detected encoding: utf-8
2024-09-02 22:22:01,376 - INFO - Detected encoding: utf-8
2024-09-02 22:22:02,972 - INFO - Detected encoding: utf-8
2024-09-02 22:22:04,641 - INFO - Detected encoding: utf-8
2024-09-02 22:22:06,431 - INFO - Detected encoding: utf-8
2024-09-02 22:22:09,003 - INFO - Detected encoding: utf-8
2024-09-02 22:22:11,395 - INFO - Detected encoding: utf-8
2024-09-02 22:22:13,892 - INFO - Detected encoding: utf-8
2024-09-02 22:22:16,289 - INFO - Detected encoding: utf-8
2024-09-02 22:22:18,699 - INFO - Detected encoding: utf-8
2024-09-02 22:22:21,504 - INFO - Detected encoding: utf-8
2024-09-02 22:22:23,974 - INFO - Detected encoding: utf-8
2024-09-02 22:22:25,944 - INFO - Detected encoding: utf-8
2024-09-02 22:22:28,113 - INFO - Detected encoding: utf-8
2024-09-02 22:22:30,234 - INFO - Detected encoding: utf-8
2024-09-02 22:22:32,339 - INFO - Detected encoding: utf-8
2024-09-02 22:22:34,481 - INFO - Detected encoding: utf-8
2024-09-02 22:22:37,205 - INFO - Detected encoding: utf-8
2024-09-02 22:22:39,507 - INFO - Detected encoding: utf-8
2024-09-02 22:22:41,899 - INFO - Detected encoding: utf-8
2024-09-02 22:22:44,229 - INFO - Detected encoding: utf-8
2024-09-02 22:22:46,427 - INFO - Detected encoding: utf-8
2024-09-02 22:22:48,473 - INFO - Detected encoding: utf-8
2024-09-02 22:22:51,355 - INFO - Detected encoding: utf-8
2024-09-02 22:22:53,935 - INFO - Detected encoding: utf-8
2024-09-02 22:22:56,173 - INFO - Detected encoding: utf-8
2024-09-02 22:22:58,708 - INFO - Detected encoding: utf-8
2024-09-02 22:23:00,877 - INFO - Detected encoding: utf-8
2024-09-02 22:23:03,262 - INFO - Detected encoding: utf-8
2024-09-02 22:23:05,741 - INFO - Detected encoding: utf-8
2024-09-02 22:23:08,730 - INFO - Detected encoding: utf-8
2024-09-02 22:56:08,028 - INFO - Detected encoding: ascii
